2022-Jan-10 17:00:08 Наличие необходимых модулей php (check_php_modules): Ok
Все необходимые модули установлены
2022-Jan-10 17:00:08 Обязательные параметры PHP (check_php_settings): Ok
Настройки правильные
2022-Jan-10 17:00:08 Модули веб-сервера (check_security): Ok
Конфликтов не выявлено
2022-Jan-10 17:00:08 Значения переменных сервера (check_server_vars): Ok
Корректные
2022-Jan-10 17:00:08 Сохранение сессии (check_session): Ok
50% done
2022-Jan-10 17:00:09 Сохранение сессии (check_session): Ok
Успешно
2022-Jan-10 17:00:09 Параметры настройки UTF (mbstring и константа BX_UTF) (check_mbstring): Ok
Правильные. Сайт работает в UTF кодировке
2022-Jan-10 17:00:09 Служебные скрипты в корне сайта (check_install_scripts): Ok
Отсутствуют
2022-Jan-10 17:00:09 Работа с сокетами (check_socket): Ok
Connection to nbrains.loc:80	Success

Успешно
2022-Jan-10 17:00:09 Выполнение агентов на cron (check_bx_crontab): Warning
Замечание. Агенты выполняются на хитах, рекомендуется перевести выполнение агентов на cron
2022-Jan-10 17:00:09 Параметры подключения к базе данных (check_dbconn_settings): Ok
Успешно
2022-Jan-10 17:00:10 Лишний вывод в файлах конфигурации (check_dbconn): Ok
Connection to nbrains.loc:80	Success

Успешно
2022-Jan-10 17:00:10 Сохранение сессии без UserAgent (check_session_ua): Ok
50% done
Connection to nbrains.loc:80	Success

2022-Jan-10 17:00:10 Сохранение сессии без UserAgent (check_session_ua): Ok
Connection to nbrains.loc:80	Success

Успешно
2022-Jan-10 17:00:10 Настройки сайтов (check_sites): Ok
Правильные
2022-Jan-10 17:00:10 Передача объектов по ссылке (check_clone): Ok
Успешно
2022-Jan-10 17:00:10 Размер стека и pcre.recursion_limit (check_pcre_recursion): Ok
Connection to nbrains.loc:80	Success

Успешно
2022-Jan-10 17:00:10 Загрузка файла (check_upload): Ok
Connection to nbrains.loc:80	Success

Успешно
2022-Jan-10 17:00:11 Загрузка файла больше 4Мб (check_upload_big): Ok
Connection to nbrains.loc:80	Success

Успешно
2022-Jan-10 17:00:11 Загрузка файла через php://input (check_upload_raw): Ok
Connection to nbrains.loc:80	Success

Успешно
2022-Jan-10 17:00:11 Передача POST запроса с большим числом параметров (check_post): Ok
Connection to nbrains.loc:80	Success

Успешно
2022-Jan-10 17:00:11 Отправка почты (check_mail): Ok
Успешно
2022-Jan-10 17:00:11 Отправка почтового сообщения больше 64Кб (check_mail_big): Ok
Успешно
2022-Jan-10 17:00:11 Проверка на наличие неотправленных сообщений (check_mail_b_event): Ok
Успешно
2022-Jan-10 17:00:12 Внутреннее перенаправление (функция LocalRedirect) (check_localredirect): Ok
50% done
Connection to nbrains.loc:80	Success

2022-Jan-10 17:00:12 Внутреннее перенаправление (функция LocalRedirect) (check_localredirect): Ok
Connection to nbrains.loc:80	Success

Успешно
2022-Jan-10 17:00:12 Фактическое ограничение памяти (check_memory_limit): Ok
20% done
Connection to nbrains.loc:80	Success

2022-Jan-10 17:00:12 Фактическое ограничение памяти (check_memory_limit): Ok
40% done
Connection to nbrains.loc:80	Success

2022-Jan-10 17:00:12 Фактическое ограничение памяти (check_memory_limit): Ok
60% done
Connection to nbrains.loc:80	Success

2022-Jan-10 17:00:12 Фактическое ограничение памяти (check_memory_limit): Ok
80% done
Connection to nbrains.loc:80	Success

2022-Jan-10 17:00:13 Фактическое ограничение памяти (check_memory_limit): Ok
Connection to nbrains.loc:80	Success

Не менее 256 М
2022-Jan-10 17:00:13 Работа с файлами кеша (check_cache): Ok
Успешно
2022-Jan-10 17:00:13 Доступ к серверу обновлений (check_update): Ok
Успешно
2022-Jan-10 17:00:13 HTTP авторизация (check_http_auth): Ok
Connection to nbrains.loc:80	Success

Успешно
2022-Jan-10 17:00:13 Создание и запуск файла (check_exec): Ok
Connection to nbrains.loc:80	Success

Успешно
2022-Jan-10 17:00:14 Функция getimagesize для swf (check_getimagesize): Ok
Успешно
2022-Jan-10 17:00:14 Версия MySQL-сервера (check_mysql_bug_version): Ok
Успешно
2022-Jan-10 17:00:15 Время на БД и веб-сервере (check_mysql_time): Ok
Успешно
2022-Jan-10 17:00:15 Режим работы MySQL (check_mysql_mode): Ok
Успешно
2022-Jan-10 17:00:15 Кодировка соединения (check_mysql_connection_charset): Ok
character_set_connection=utf8, collation_connection=utf8_unicode_ci, character_set_results=utf8
Успешно
2022-Jan-10 17:00:15 Кодировка базы данных (check_mysql_db_charset): Ok
CHARSET=utf8, COLLATION=utf8_unicode_ci
Успешно
2022-Jan-10 17:00:18 Кодировки таблиц в БД (check_mysql_table_charset): Ok
Успешно
2022-Jan-10 17:00:18 Структура базы данных (check_mysql_table_structure): Ok
0% done
2022-Jan-10 17:00:18 Структура базы данных (check_mysql_table_structure): Ok
6% done
2022-Jan-10 17:00:19 Структура базы данных (check_mysql_table_structure): Ok
12% done
2022-Jan-10 17:00:19 Структура базы данных (check_mysql_table_structure): Ok
18% done
2022-Jan-10 17:00:19 Структура базы данных (check_mysql_table_structure): Ok
25% done
2022-Jan-10 17:00:21 Структура базы данных (check_mysql_table_structure): Ok
31% done
2022-Jan-10 17:00:25 Структура базы данных (check_mysql_table_structure): Ok
37% done
2022-Jan-10 17:00:31 Структура базы данных (check_mysql_table_structure): Ok
43% done
2022-Jan-10 17:00:32 Структура базы данных (check_mysql_table_structure): Ok
50% done
2022-Jan-10 17:00:36 Структура базы данных (check_mysql_table_structure): Ok
56% done
2022-Jan-10 17:00:37 Структура базы данных (check_mysql_table_structure): Ok
62% done
2022-Jan-10 17:00:38 Структура базы данных (check_mysql_table_structure): Ok
68% done
2022-Jan-10 17:00:40 Структура базы данных (check_mysql_table_structure): Ok
75% done
2022-Jan-10 17:00:41 Структура базы данных (check_mysql_table_structure): Ok
81% done
2022-Jan-10 17:00:41 Структура базы данных (check_mysql_table_structure): Ok
87% done
2022-Jan-10 17:00:42 Структура базы данных (check_mysql_table_structure): Ok
93% done
2022-Jan-10 17:00:42 Структура базы данных (check_mysql_table_structure): Ok
Успешно
